<?xml version="1.0" encoding="UTF-8"?>
<testsuite name="Login Test"
           tests="3"
           failures="0"
           errors="0"
           skipped="0"
           time="5.176">
  <properties />
  
  
            <testcase name="verifyUserShouldNavigateToDesktopsPageSuccessfully" time="1.847" classname="com.tutorialsninja.demo.testsuite.TopMenuPageTest" />
                <testcase name="verifyUserShouldNavigateToComponentsPageSuccessfully" time="1.896" classname="com.tutorialsninja.demo.testsuite.TopMenuPageTest" />
                <testcase name="verifyUserShouldNavigateToLaptopsAndNotebooksPageSuccessfully" time="1.433" classname="com.tutorialsninja.demo.testsuite.TopMenuPageTest" />
      
</testsuite>
